{
  "stats": {
    "suites": 1,
    "tests": 8,
    "passes": 8,
    "pending": 0,
    "failures": 0,
    "start": "2025-08-13T02:36:14.496Z",
    "end": "2025-08-13T02:36:14.980Z",
    "duration": 484,
    "testsRegistered": 8,
    "passPercent": 100,
    "pendingPercent": 0,
    "other": 0,
    "hasOther": false,
    "skipped": 0,
    "hasSkipped": false
  },
  "results": [
    {
      "uuid": "379b2d57-a0b3-4e50-aadf-069b0cd598b8",
      "title": "",
      "fullFile": "cypress/integration/backend/backendTests.spec.js",
      "file": "cypress/integration/backend/backendTests.spec.js",
      "beforeHooks": [],
      "afterHooks": [],
      "tests": [],
      "suites": [
        {
          "uuid": "f8fc8468-03ad-4c7d-935f-14900c018c1c",
          "title": "Backend API Tests for Employee and Admin Role",
          "fullFile": "",
          "file": "",
          "beforeHooks": [],
          "afterHooks": [],
          "tests": [
            {
              "title": "should register a new employee",
              "fullTitle": "Backend API Tests for Employee and Admin Role should register a new employee",
              "timedOut": null,
              "duration": 230,
              "state": "passed",
              "speed": "fast",
              "pass": true,
              "fail": false,
              "pending": false,
              "context": null,
              "code": "cy.request(\"POST\", `${apiUrl}/auth/register`, {\n  username: employeeUsername,\n  // Use the dynamically generated username\n  password: employeePassword\n}).then(response => {\n  expect(response.status).to.eq(201);\n  expect(response.body).to.have.property(\"message\", \"User registered successfully\");\n});",
              "err": {},
              "uuid": "285810df-4d40-4216-9ac8-995309080f84",
              "parentUUID": "f8fc8468-03ad-4c7d-935f-14900c018c1c",
              "isHook": false,
              "skipped": false
            },
            {
              "title": "should login the employee with valid credentials",
              "fullTitle": "Backend API Tests for Employee and Admin Role should login the employee with valid credentials",
              "timedOut": null,
              "duration": 82,
              "state": "passed",
              "speed": "fast",
              "pass": true,
              "fail": false,
              "pending": false,
              "context": null,
              "code": "cy.request(\"POST\", `${apiUrl}/auth/login`, {\n  username: employeeUsername,\n  // Use the same username as registration\n  password: employeePassword // Use the same password as registration\n}).then(response => {\n  expect(response.status).to.eq(200);\n  expect(response.body).to.have.property(\"token\");\n  Cypress.env(\"employeeAuthToken\", response.body.token); // Store token in Cypress environment variable\n});",
              "err": {},
              "uuid": "bf6f5c64-fa42-484c-92eb-0ef1393bce42",
              "parentUUID": "f8fc8468-03ad-4c7d-935f-14900c018c1c",
              "isHook": false,
              "skipped": false
            },
            {
              "title": "should submit resignation for an employee",
              "fullTitle": "Backend API Tests for Employee and Admin Role should submit resignation for an employee",
              "timedOut": null,
              "duration": 5,
              "state": "passed",
              "speed": "fast",
              "pass": true,
              "fail": false,
              "pending": false,
              "context": null,
              "code": "const token = Cypress.env(\"employeeAuthToken\"); // Retrieve token from Cypress environment variable\n// cy.request({\n//   method: \"POST\",\n//   url: `${apiUrl}/user/resign`,\n//   headers: {\n//     Authorization: `Bearer ${token}`,\n//   },\n//   body: {\n//     lwd: \"2024-12-26\",\n//   },\n// }).then((response) => {\n//   expect(response.status).to.eq(200);\n//   employeeResignationId = response.body.data.resignation._id; // Store resignation ID for approval\n// });",
              "err": {},
              "uuid": "fc042e92-c935-4399-b2c5-5fcd9f7839d2",
              "parentUUID": "f8fc8468-03ad-4c7d-935f-14900c018c1c",
              "isHook": false,
              "skipped": false
            },
            {
              "title": "should login as admin (HR)",
              "fullTitle": "Backend API Tests for Employee and Admin Role should login as admin (HR)",
              "timedOut": null,
              "duration": 18,
              "state": "passed",
              "speed": "fast",
              "pass": true,
              "fail": false,
              "pending": false,
              "context": null,
              "code": "cy.request(\"POST\", `${apiUrl}/auth/login`, {\n  username: \"admin\",\n  password: \"admin\"\n}).then(response => {\n  expect(response.status).to.eq(200);\n  expect(response.body).to.have.property(\"token\");\n  Cypress.env(\"adminAuthToken\", response.body.token); // Store admin token in Cypress environment variable\n});",
              "err": {},
              "uuid": "5029dabc-6b6f-49b6-ab3c-40f3562fda93",
              "parentUUID": "f8fc8468-03ad-4c7d-935f-14900c018c1c",
              "isHook": false,
              "skipped": false
            },
            {
              "title": "should view all resignations submitted by employees as admin",
              "fullTitle": "Backend API Tests for Employee and Admin Role should view all resignations submitted by employees as admin",
              "timedOut": null,
              "duration": 9,
              "state": "passed",
              "speed": "fast",
              "pass": true,
              "fail": false,
              "pending": false,
              "context": null,
              "code": "const token = Cypress.env(\"adminAuthToken\"); // Retrieve admin token from Cypress environment variable\n// cy.request({\n//   method: \"GET\",\n//   url: `${apiUrl}/admin/resignations`,\n//   headers: {\n//     Authorization: `${token}`,\n//   },\n// }).then((response) => {\n//   expect(response.status).to.eq(200);\n//   expect(response.body.data).to.be.an(\"array\");\n// });",
              "err": {},
              "uuid": "59c7aebe-da45-4ec1-ab6a-018f270301ed",
              "parentUUID": "f8fc8468-03ad-4c7d-935f-14900c018c1c",
              "isHook": false,
              "skipped": false
            },
            {
              "title": "should approve the employee’s resignation as admin",
              "fullTitle": "Backend API Tests for Employee and Admin Role should approve the employee’s resignation as admin",
              "timedOut": null,
              "duration": 6,
              "state": "passed",
              "speed": "fast",
              "pass": true,
              "fail": false,
              "pending": false,
              "context": null,
              "code": "const token = Cypress.env(\"adminAuthToken\"); // Retrieve admin token from Cypress environment variable\n// cy.request({\n//   method: \"PUT\",\n//   url: `${apiUrl}/admin/conclude_resignation`,\n//   headers: {\n//     Authorization: `Bearer ${token}`,\n//   },\n//   body: {\n//     resignationId: employeeResignationId,\n//     approved: true,\n//     lwd: \"26 Dec 2024\",\n//   },\n// }).then((response) => {\n//   expect(response.status).to.eq(200);\n// });",
              "err": {},
              "uuid": "6ec655b1-8b37-4cc1-9314-6ce349bda6cc",
              "parentUUID": "f8fc8468-03ad-4c7d-935f-14900c018c1c",
              "isHook": false,
              "skipped": false
            },
            {
              "title": "should allow the employee to submit responses to exit questionnaire",
              "fullTitle": "Backend API Tests for Employee and Admin Role should allow the employee to submit responses to exit questionnaire",
              "timedOut": null,
              "duration": 6,
              "state": "passed",
              "speed": "fast",
              "pass": true,
              "fail": false,
              "pending": false,
              "context": null,
              "code": "const token = Cypress.env(\"employeeAuthToken\"); // Retrieve employee token from Cypress environment variable\n// cy.request({\n//   method: \"POST\",\n//   url: `${apiUrl}/user/responses`,\n//   headers: {\n//     Authorization: `${token}`,\n//   },\n//   body: {\n//     responses: [\n//       {\n//         questionText: \"What prompted you to start looking for another job?\",\n//         response: \"Lack of career growth opportunities\",\n//       },\n//       {\n//         questionText: \"Would you recommend this company to others?\",\n//         response: \"Yes, with some reservations\",\n//       },\n//     ],\n//   },\n// }).then((response) => {\n//   expect(response.status).to.eq(200);\n// });",
              "err": {},
              "uuid": "2d66b8e5-6282-47c2-a82c-8e51c59ea732",
              "parentUUID": "f8fc8468-03ad-4c7d-935f-14900c018c1c",
              "isHook": false,
              "skipped": false
            },
            {
              "title": "should allow the admin to view all questionnaire responses",
              "fullTitle": "Backend API Tests for Employee and Admin Role should allow the admin to view all questionnaire responses",
              "timedOut": null,
              "duration": 10,
              "state": "passed",
              "speed": "fast",
              "pass": true,
              "fail": false,
              "pending": false,
              "context": null,
              "code": "const token = Cypress.env(\"adminAuthToken\"); // Retrieve admin token from Cypress environment variable\n// cy.request({\n//   method: \"GET\",\n//   url: `${apiUrl}/admin/exit_responses`,\n//   headers: {\n//     Authorization: `${token}`,\n//   },\n// }).then((response) => {\n//   expect(response.status).to.eq(200);\n//   expect(response.body.data).to.be.an(\"array\");\n//   // Find the specific response data that matches the expected responses\n//   const expectedResponses = [\n//     {\n//       questionText: \"What prompted you to start looking for another job?\",\n//       response: \"Lack of career growth opportunities\",\n//     },\n//     {\n//       questionText: \"Would you recommend this company to others?\",\n//       response: \"Yes, with some reservations\",\n//     },\n//   ];\n//   // Check if any of the data array includes the expected responses\n//   const hasExpectedResponses = response.body.data.some((item) => {\n//     return (\n//       item.responses.length === expectedResponses.length &&\n//       item.responses.every((resp, index) => {\n//         return (\n//           resp.questionText === expectedResponses[index].questionText &&\n//           resp.response === expectedResponses[index].response\n//         );\n//       })\n//     );\n//   });\n//   // Assert that the expected responses exist in the data\n//   expect(hasExpectedResponses).to.be.true;\n// });",
              "err": {},
              "uuid": "fd8beae3-1984-4dee-beec-bf79fe23f8cb",
              "parentUUID": "f8fc8468-03ad-4c7d-935f-14900c018c1c",
              "isHook": false,
              "skipped": false
            }
          ],
          "suites": [],
          "passes": [
            "285810df-4d40-4216-9ac8-995309080f84",
            "bf6f5c64-fa42-484c-92eb-0ef1393bce42",
            "fc042e92-c935-4399-b2c5-5fcd9f7839d2",
            "5029dabc-6b6f-49b6-ab3c-40f3562fda93",
            "59c7aebe-da45-4ec1-ab6a-018f270301ed",
            "6ec655b1-8b37-4cc1-9314-6ce349bda6cc",
            "2d66b8e5-6282-47c2-a82c-8e51c59ea732",
            "fd8beae3-1984-4dee-beec-bf79fe23f8cb"
          ],
          "failures": [],
          "pending": [],
          "skipped": [],
          "duration": 366,
          "root": false,
          "rootEmpty": false,
          "_timeout": 2000
        }
      ],
      "passes": [],
      "failures": [],
      "pending": [],
      "skipped": [],
      "duration": 0,
      "root": true,
      "rootEmpty": true,
      "_timeout": 2000
    }
  ],
  "meta": {
    "mocha": {
      "version": "7.0.1"
    },
    "mochawesome": {
      "options": {
        "quiet": false,
        "reportFilename": "my-report",
        "saveHtml": true,
        "saveJson": true,
        "consoleReporter": "spec",
        "useInlineDiffs": false,
        "code": true
      },
      "version": "7.1.3"
    },
    "marge": {
      "options": {
        "charts": true,
        "json": true,
        "reportsDir": "reports/your-reports-folder",
        "reportFilename": "my-report",
        "overwrite": false
      },
      "version": "6.2.0"
    }
  }
}