{
  "stats": {
    "suites": 1,
    "tests": 8,
    "passes": 8,
    "pending": 0,
    "failures": 0,
    "start": "2025-08-13T11:03:19.000Z",
    "end": "2025-08-13T11:03:20.434Z",
    "duration": 1434,
    "testsRegistered": 8,
    "passPercent": 100,
    "pendingPercent": 0,
    "other": 0,
    "hasOther": false,
    "skipped": 0,
    "hasSkipped": false
  },
  "results": [
    {
      "uuid": "c25347d4-d464-475c-9398-7464516f2e3b",
      "title": "",
      "fullFile": "cypress/integration/backend/backendTests.spec.js",
      "file": "cypress/integration/backend/backendTests.spec.js",
      "beforeHooks": [],
      "afterHooks": [],
      "tests": [],
      "suites": [
        {
          "uuid": "7c6c245f-d592-4379-97be-1841d8ba49df",
          "title": "Backend API Tests for Employee and Admin Role",
          "fullFile": "",
          "file": "",
          "beforeHooks": [],
          "afterHooks": [],
          "tests": [
            {
              "title": "should register a new employee",
              "fullTitle": "Backend API Tests for Employee and Admin Role should register a new employee",
              "timedOut": null,
              "duration": 1127,
              "state": "passed",
              "speed": "fast",
              "pass": true,
              "fail": false,
              "pending": false,
              "context": null,
              "code": "cy.request(\"POST\", `${apiUrl}/auth/register`, {\n  username: employeeUsername,\n  // Use the dynamically generated username\n  password: employeePassword\n}).then(response => {\n  expect(response.status).to.eq(201);\n  expect(response.body).to.have.property(\"message\", \"User registered successfully\");\n});",
              "err": {},
              "uuid": "a53b0f11-f429-41ff-9d56-68b73e3f8a07",
              "parentUUID": "7c6c245f-d592-4379-97be-1841d8ba49df",
              "isHook": false,
              "skipped": false
            },
            {
              "title": "should login the employee with valid credentials",
              "fullTitle": "Backend API Tests for Employee and Admin Role should login the employee with valid credentials",
              "timedOut": null,
              "duration": 95,
              "state": "passed",
              "speed": "fast",
              "pass": true,
              "fail": false,
              "pending": false,
              "context": null,
              "code": "cy.request(\"POST\", `${apiUrl}/auth/login`, {\n  username: employeeUsername,\n  // Use the same username as registration\n  password: employeePassword // Use the same password as registration\n}).then(response => {\n  expect(response.status).to.eq(200);\n  expect(response.body).to.have.property(\"token\");\n  Cypress.env(\"employeeAuthToken\", response.body.token); // Store token in Cypress environment variable\n});",
              "err": {},
              "uuid": "26725071-53de-46e9-abd9-67e9f8bb436e",
              "parentUUID": "7c6c245f-d592-4379-97be-1841d8ba49df",
              "isHook": false,
              "skipped": false
            },
            {
              "title": "should submit resignation for an employee",
              "fullTitle": "Backend API Tests for Employee and Admin Role should submit resignation for an employee",
              "timedOut": null,
              "duration": 8,
              "state": "passed",
              "speed": "fast",
              "pass": true,
              "fail": false,
              "pending": false,
              "context": null,
              "code": "const token = Cypress.env(\"employeeAuthToken\"); // Retrieve token from Cypress environment variable\n// cy.request({\n//   method: \"POST\",\n//   url: `${apiUrl}/user/resign`,\n//   headers: {\n//     Authorization: `Bearer ${token}`,\n//   },\n//   body: {\n//     lwd: \"2024-12-26\",\n//   },\n// }).then((response) => {\n//   expect(response.status).to.eq(200);\n//   employeeResignationId = response.body.data.resignation._id; // Store resignation ID for approval\n// });",
              "err": {},
              "uuid": "5b510722-ef58-44bd-bccd-c59e132986c2",
              "parentUUID": "7c6c245f-d592-4379-97be-1841d8ba49df",
              "isHook": false,
              "skipped": false
            },
            {
              "title": "should login as admin (HR)",
              "fullTitle": "Backend API Tests for Employee and Admin Role should login as admin (HR)",
              "timedOut": null,
              "duration": 18,
              "state": "passed",
              "speed": "fast",
              "pass": true,
              "fail": false,
              "pending": false,
              "context": null,
              "code": "cy.request(\"POST\", `${apiUrl}/auth/login`, {\n  username: \"admin\",\n  password: \"admin\"\n}).then(response => {\n  expect(response.status).to.eq(200);\n  expect(response.body).to.have.property(\"token\");\n  Cypress.env(\"adminAuthToken\", response.body.token); // Store admin token in Cypress environment variable\n});",
              "err": {},
              "uuid": "9d851088-5e8a-4365-b9e1-51a6cbd1d033",
              "parentUUID": "7c6c245f-d592-4379-97be-1841d8ba49df",
              "isHook": false,
              "skipped": false
            },
            {
              "title": "should view all resignations submitted by employees as admin",
              "fullTitle": "Backend API Tests for Employee and Admin Role should view all resignations submitted by employees as admin",
              "timedOut": null,
              "duration": 8,
              "state": "passed",
              "speed": "fast",
              "pass": true,
              "fail": false,
              "pending": false,
              "context": null,
              "code": "const token = Cypress.env(\"adminAuthToken\"); // Retrieve admin token from Cypress environment variable\n// cy.request({\n//   method: \"GET\",\n//   url: `${apiUrl}/admin/resignations`,\n//   headers: {\n//     Authorization: `${token}`,\n//   },\n// }).then((response) => {\n//   expect(response.status).to.eq(200);\n//   expect(response.body.data).to.be.an(\"array\");\n// });",
              "err": {},
              "uuid": "e405095b-416e-4254-b590-523306e9811d",
              "parentUUID": "7c6c245f-d592-4379-97be-1841d8ba49df",
              "isHook": false,
              "skipped": false
            },
            {
              "title": "should approve the employee’s resignation as admin",
              "fullTitle": "Backend API Tests for Employee and Admin Role should approve the employee’s resignation as admin",
              "timedOut": null,
              "duration": 7,
              "state": "passed",
              "speed": "fast",
              "pass": true,
              "fail": false,
              "pending": false,
              "context": null,
              "code": "const token = Cypress.env(\"adminAuthToken\"); // Retrieve admin token from Cypress environment variable\n// cy.request({\n//   method: \"PUT\",\n//   url: `${apiUrl}/admin/conclude_resignation`,\n//   headers: {\n//     Authorization: `Bearer ${token}`,\n//   },\n//   body: {\n//     resignationId: employeeResignationId,\n//     approved: true,\n//     lwd: \"26 Dec 2024\",\n//   },\n// }).then((response) => {\n//   expect(response.status).to.eq(200);\n// });",
              "err": {},
              "uuid": "0d87a64f-82cb-4916-bfa9-6becbfabd8bd",
              "parentUUID": "7c6c245f-d592-4379-97be-1841d8ba49df",
              "isHook": false,
              "skipped": false
            },
            {
              "title": "should allow the employee to submit responses to exit questionnaire",
              "fullTitle": "Backend API Tests for Employee and Admin Role should allow the employee to submit responses to exit questionnaire",
              "timedOut": null,
              "duration": 8,
              "state": "passed",
              "speed": "fast",
              "pass": true,
              "fail": false,
              "pending": false,
              "context": null,
              "code": "const token = Cypress.env(\"employeeAuthToken\"); // Retrieve employee token from Cypress environment variable\n// cy.request({\n//   method: \"POST\",\n//   url: `${apiUrl}/user/responses`,\n//   headers: {\n//     Authorization: `${token}`,\n//   },\n//   body: {\n//     responses: [\n//       {\n//         questionText: \"What prompted you to start looking for another job?\",\n//         response: \"Lack of career growth opportunities\",\n//       },\n//       {\n//         questionText: \"Would you recommend this company to others?\",\n//         response: \"Yes, with some reservations\",\n//       },\n//     ],\n//   },\n// }).then((response) => {\n//   expect(response.status).to.eq(200);\n// });",
              "err": {},
              "uuid": "4725c82b-76a2-43e4-bffd-a36f134134c6",
              "parentUUID": "7c6c245f-d592-4379-97be-1841d8ba49df",
              "isHook": false,
              "skipped": false
            },
            {
              "title": "should allow the admin to view all questionnaire responses",
              "fullTitle": "Backend API Tests for Employee and Admin Role should allow the admin to view all questionnaire responses",
              "timedOut": null,
              "duration": 8,
              "state": "passed",
              "speed": "fast",
              "pass": true,
              "fail": false,
              "pending": false,
              "context": null,
              "code": "const token = Cypress.env(\"adminAuthToken\"); // Retrieve admin token from Cypress environment variable\n// cy.request({\n//   method: \"GET\",\n//   url: `${apiUrl}/admin/exit_responses`,\n//   headers: {\n//     Authorization: `${token}`,\n//   },\n// }).then((response) => {\n//   expect(response.status).to.eq(200);\n//   expect(response.body.data).to.be.an(\"array\");\n//   // Find the specific response data that matches the expected responses\n//   const expectedResponses = [\n//     {\n//       questionText: \"What prompted you to start looking for another job?\",\n//       response: \"Lack of career growth opportunities\",\n//     },\n//     {\n//       questionText: \"Would you recommend this company to others?\",\n//       response: \"Yes, with some reservations\",\n//     },\n//   ];\n//   // Check if any of the data array includes the expected responses\n//   const hasExpectedResponses = response.body.data.some((item) => {\n//     return (\n//       item.responses.length === expectedResponses.length &&\n//       item.responses.every((resp, index) => {\n//         return (\n//           resp.questionText === expectedResponses[index].questionText &&\n//           resp.response === expectedResponses[index].response\n//         );\n//       })\n//     );\n//   });\n//   // Assert that the expected responses exist in the data\n//   expect(hasExpectedResponses).to.be.true;\n// });",
              "err": {},
              "uuid": "9864f2f4-d9c4-48b4-aa06-4983a1b49d77",
              "parentUUID": "7c6c245f-d592-4379-97be-1841d8ba49df",
              "isHook": false,
              "skipped": false
            }
          ],
          "suites": [],
          "passes": [
            "a53b0f11-f429-41ff-9d56-68b73e3f8a07",
            "26725071-53de-46e9-abd9-67e9f8bb436e",
            "5b510722-ef58-44bd-bccd-c59e132986c2",
            "9d851088-5e8a-4365-b9e1-51a6cbd1d033",
            "e405095b-416e-4254-b590-523306e9811d",
            "0d87a64f-82cb-4916-bfa9-6becbfabd8bd",
            "4725c82b-76a2-43e4-bffd-a36f134134c6",
            "9864f2f4-d9c4-48b4-aa06-4983a1b49d77"
          ],
          "failures": [],
          "pending": [],
          "skipped": [],
          "duration": 1279,
          "root": false,
          "rootEmpty": false,
          "_timeout": 2000
        }
      ],
      "passes": [],
      "failures": [],
      "pending": [],
      "skipped": [],
      "duration": 0,
      "root": true,
      "rootEmpty": true,
      "_timeout": 2000
    }
  ],
  "meta": {
    "mocha": {
      "version": "7.0.1"
    },
    "mochawesome": {
      "options": {
        "quiet": false,
        "reportFilename": "my-report",
        "saveHtml": true,
        "saveJson": true,
        "consoleReporter": "spec",
        "useInlineDiffs": false,
        "code": true
      },
      "version": "7.1.3"
    },
    "marge": {
      "options": {
        "charts": true,
        "json": true,
        "reportsDir": "reports/your-reports-folder",
        "reportFilename": "my-report",
        "overwrite": false
      },
      "version": "6.2.0"
    }
  }
}